Determining if the pthread_create exist failed with the following output:
Change Dir: /opt/groot/navi_ws_backup/src/plane_calibration/CMakeFiles/CMakeTmp

Run Build Command:"/usr/bin/make" "cmTC_fd623/fast"
/usr/bin/make -f CMakeFiles/cmTC_fd623.dir/build.make CMakeFiles/cmTC_fd623.dir/build
make[1]: Entering directory '/opt/groot/navi_ws_backup/src/plane_calibration/CMakeFiles/CMakeTmp'
Building C object CMakeFiles/cmTC_fd623.dir/CheckSymbolExists.c.o
/usr/bin/cc     -o CMakeFiles/cmTC_fd623.dir/CheckSymbolExists.c.o   -c /opt/groot/navi_ws_backup/src/plane_calibration/CMakeFiles/CMakeTmp/CheckSymbolExists.c
Linking C executable cmTC_fd623
/usr/bin/cmake -E cmake_link_script CMakeFiles/cmTC_fd623.dir/link.txt --verbose=1
/usr/bin/cc       CMakeFiles/cmTC_fd623.dir/CheckSymbolExists.c.o  -o cmTC_fd623 -rdynamic 
CMakeFiles/cmTC_fd623.dir/CheckSymbolExists.c.o: In function `main':
CheckSymbolExists.c:(.text+0x16): undefined reference to `pthread_create'
collect2: error: ld returned 1 exit status
CMakeFiles/cmTC_fd623.dir/build.make:97: recipe for target 'cmTC_fd623' failed
make[1]: *** [cmTC_fd623] Error 1
make[1]: Leaving directory '/opt/groot/navi_ws_backup/src/plane_calibration/CMakeFiles/CMakeTmp'
Makefile:126: recipe for target 'cmTC_fd623/fast' failed
make: *** [cmTC_fd623/fast] Error 2

File /opt/groot/navi_ws_backup/src/plane_calibration/CMakeFiles/CMakeTmp/CheckSymbolExists.c:
/* */
#include <pthread.h>

int main(int argc, char** argv)
{
  (void)argv;
#ifndef pthread_create
  return ((int*)(&pthread_create))[argc];
#else
  (void)argc;
  return 0;
#endif
}

Determining if the function pthread_create exists in the pthreads failed with the following output:
Change Dir: /opt/groot/navi_ws_backup/src/plane_calibration/CMakeFiles/CMakeTmp

Run Build Command:"/usr/bin/make" "cmTC_d7518/fast"
/usr/bin/make -f CMakeFiles/cmTC_d7518.dir/build.make CMakeFiles/cmTC_d7518.dir/build
make[1]: Entering directory '/opt/groot/navi_ws_backup/src/plane_calibration/CMakeFiles/CMakeTmp'
Building C object CMakeFiles/cmTC_d7518.dir/CheckFunctionExists.c.o
/usr/bin/cc    -DCHECK_FUNCTION_EXISTS=pthread_create   -o CMakeFiles/cmTC_d7518.dir/CheckFunctionExists.c.o   -c /usr/share/cmake-3.5/Modules/CheckFunctionExists.c
Linking C executable cmTC_d7518
/usr/bin/cmake -E cmake_link_script CMakeFiles/cmTC_d7518.dir/link.txt --verbose=1
/usr/bin/cc   -DCHECK_FUNCTION_EXISTS=pthread_create    CMakeFiles/cmTC_d7518.dir/CheckFunctionExists.c.o  -o cmTC_d7518 -rdynamic -lpthreads 
/usr/bin/ld: cannot find -lpthreads
collect2: error: ld returned 1 exit status
CMakeFiles/cmTC_d7518.dir/build.make:97: recipe for target 'cmTC_d7518' failed
make[1]: *** [cmTC_d7518] Error 1
make[1]: Leaving directory '/opt/groot/navi_ws_backup/src/plane_calibration/CMakeFiles/CMakeTmp'
Makefile:126: recipe for target 'cmTC_d7518/fast' failed
make: *** [cmTC_d7518/fast] Error 2


